        -:    0:Source:bit_writer.c
        -:    0:Programs:4
        -:    1:#include <assert.h>
        -:    2:#include "bit_writer.h"
        -:    3:
        1:    4:BitWriter open_bit_writer(const char* path) {
        1:    5:	return (BitWriter) {.file = fopen(path, "w"), .current_byte = 0, .num_bits_left = 8};
        -:    6:}
        -:    7:
       70:    8:void write_bits(BitWriter* a_writer, uint8_t bits, uint8_t num_bits_to_write) {
      70*:    9:	assert(num_bits_to_write >= 0 && num_bits_to_write <= 8);
      70*:   10:	assert(a_writer -> num_bits_left >= 1 && a_writer -> num_bits_left <=8);
        -:   11:	
       70:   12:	uint8_t emptyLeft = 0;
       70:   13:	uint8_t overWrite = 0;
       70:   14:	if(a_writer -> num_bits_left > num_bits_to_write){
       48:   15:		emptyLeft = a_writer -> num_bits_left - num_bits_to_write;
        -:   16:	} else {
       22:   17:		overWrite = num_bits_to_write - a_writer -> num_bits_left;
        -:   18:	}
        -:   19:
       70:   20:	uint8_t pulledBit = bits & ~(0xff << num_bits_to_write); //pull to write
       70:   21:	a_writer -> current_byte |= (pulledBit >> overWrite << emptyLeft); //Deletes overwrite, aligns to left
       70:   22:	a_writer -> num_bits_left = emptyLeft;
       70:   23:	if(emptyLeft == 0){ //Writes if storage byte fills then reset
       22:   24:		fputc(a_writer -> current_byte, a_writer -> file);
       22:   25:		a_writer -> current_byte = 0;
       22:   26:		a_writer -> num_bits_left = 8;
       22:   27:		if(overWrite > 0){  //If there are more bits to be read
       16:   28:			write_bits(a_writer, bits, overWrite);
        -:   29:		}
        -:   30:	}
      70*:   31:	assert(a_writer -> num_bits_left >= 1 && a_writer -> num_bits_left <=8);
       70:   32:}
        -:   33:
        1:   34:void flush_bit_writer(BitWriter* a_writer) {
        1:   35:	if(a_writer -> num_bits_left != 8){
        1:   36:		write_bits(a_writer, 0, a_writer -> num_bits_left);
        -:   37:	} else {
    #####:   38:		a_writer -> current_byte = 0;
        -:   39:	}
        1:   40:}
        -:   41:
        1:   42:void close_bit_writer(BitWriter* a_writer) {
        1:   43:	flush_bit_writer(a_writer);
        1:   44:	fclose(a_writer -> file);
        1:   45:	a_writer -> file = NULL;
        1:   46:}
        -:   47:
        -:   48:#define __BIT_WRITER_C_V1__
        -:   49:/* vim: set tabstop=4 shiftwidth=4 fileencoding=utf-8 noexpandtab colorcolumn=96: */
