        -:    0:Source:test_bit_writer.c
        -:    0:Graph:test_bit_writer.gcno
        -:    0:Data:test_bit_writer.gcda
        -:    0:Runs:1
        -:    0:Programs:1
        -:    1:#include <stdio.h>
        -:    2:#include <stdlib.h>
        -:    3:#include <stdbool.h>
        -:    4:#include <assert.h>
        -:    5:#include "miniunit.h"
        -:    6:#include "bit_writer.h"
        -:    7:
        1:    8:static int _test(){
        1:    9:	mu_start();
        1:   10:	const char* path = "expected.txt";
        1:   11:	BitWriter writer = open_bit_writer(path);
        1:   12:	write_bits(&writer, 0x48, 8);
        1:   13:	write_bits(&writer, 0x69, 8);
        1:   14:	write_bits(&writer, 0x2, 3);
        -:   15:	//write_bits(&writer, 0xf3, 3);
        1:   16:	write_bits(&writer, 0x2, 3);
        1:   17:	write_bits(&writer, 0, 2);
        1:   18:	write_bits(&writer, 104, 8);
        1:   19:	write_bits(&writer, 0x5, 3);
        1:   20:	write_bits(&writer, 0x5, 7);
        -:   21:
        1:   22:	close_bit_writer(&writer);
        -:   23:	
        1:   24:	writer = open_bit_writer(path);
        1:   25:	close_bit_writer(&writer);
        -:   26:
        1:   27:	mu_end();
        -:   28:}
        -:   29:
        1:   30:int main(int argc, char* argv[]) {
       1*:   31:	mu_run(_test);	
        1:   32:	return EXIT_SUCCESS;
        -:   33:}
        -:   34:/* vim: set tabstop=4 shiftwidth=4 fileencoding=utf-8 noexpandtab: */
