        -:    0:Source:test_smintf.c
        -:    0:Graph:test_smintf.gcno
        -:    0:Data:test_smintf.gcda
        -:    0:Runs:1
        -:    0:Programs:1
        -:    1:#include <limits.h>
        -:    2:#include <stdarg.h>
        -:    3:#include <stdio.h>
        -:    4:#include <stdlib.h>
        -:    5:#include "miniunit.h"
        -:    6:#include "smintf.h"
        -:    7:#define mu_check_smintf(expected, ...)              \
        -:    8:	do {                                            \
        -:    9:		char* actual = smintf(__VA_ARGS__);         \
        -:   10:		mu_check_strings_equal((expected), (actual));  \
        -:   11:		free(actual);                               \
        -:   12:	} while(false)\
        -:   13:
        1:   14:int _test() {
        1:   15:	mu_start();
       1*:   16:	mu_check_smintf("agh", "agh");
       1*:   17:    mu_check_smintf("-12aghh", "%daghh", -12);
       1*:   18:    mu_check_smintf("%z%", "%z%");
       1*:   19:    mu_check_smintf("-$4.12noot%", "%$noot%", -412);
        1:   20:	mu_end();
        -:   21:}
        1:   22:int _test2() {
        1:   23:	mu_start();
       1*:   24:	mu_check_smintf("Hex: 0x20d, Dec: 525, Bin: 0b1000001101","Hex: %x, Dec: %d, Bin: %b", 525,525,525);
       1*:   25:	mu_check_smintf("-$0.01 agh c %%", "%$ %s %c %%%", -1, "agh", 'c');
        1:   26:	mu_end();
        -:   27:}
        -:   28:	
        1:   29:int main(int argc, char* arg[]) {
        1:   30:	char* ag = smintf("Hex: %x, Dec: %d, Bin: %b", INT_MAX,INT_MAX,-INT_MAX);
        1:   31:	printf("%s\n", ag);
        1:   32:	free(ag);
        1:   33:	mintf("%d, %x, %b\n", INT_MAX, INT_MAX, -INT_MAX);
        1:   34:	mintf("%d, %x, %b\n", INT_MIN, INT_MIN, INT_MIN);
        1:   35:	mintf("%s %c\n%", "agh", 'c');
        1:   36:	mintf("%$, 100%, %%, %_\n", -1);	
       1*:   37:	mu_run(_test);
       1*:   38:	mu_run(_test2);
        1:   39:	return EXIT_SUCCESS;
        -:   40:}
