        -:    0:Source:frequencies.c
        -:    0:Programs:3
        -:    1:#include <stdio.h>
        -:    2:#include <stdlib.h>
        -:    3:#include <stdbool.h>
        -:    4:#include <assert.h>
        -:    5:#include "frequencies.h"
        -:    6:#include <errno.h>
        -:    7:#include <string.h>
        -:    8:
        1:    9:bool calc_frequencies(Frequencies freqs, const char* path, const char** a_error){
        1:   10:	FILE *file = fopen(path, "r");
        1:   11:	if(!file){
    #####:   12:		*a_error = strerror(errno);
    #####:   13:		return false;
        -:   14:	}
        -:   15:	uchar in;
        -:   16:	while(true) {
       19:   17:		fread(&in, sizeof(uchar), 1, file);
       19:   18:		if(feof(file)){
        1:   19:			fclose(file);
        1:   20:			return true;
        -:   21:		}
       18:   22:		freqs[in]++;
        -:   23:	}
        -:   24:}
        -:   25:/* vim: set tabstop=4 shiftwidth=4 fileencoding=utf-8 noexpandtab: */
