        -:    0:Source:priority_queue.c
        -:    0:Programs:3
        -:    1:#include <stdio.h>
        -:    2:#include <stdlib.h>
        -:    3:#include <stdbool.h>
        -:    4:#include <assert.h>
        -:    5:#include "priority_queue.h"
        -:    6:
        3:    7:Node* pq_enqueue(Node** a_head, void* a_value, int (*cmp_fn)(const void*, const void*)) {
        3:    8:	Node* new = malloc(sizeof(Node));
        3:    9:	*new = (Node) {.a_value = a_value, .next = NULL};
        -:   10:
        3:   11:	if(*a_head == NULL){
        1:   12:		*a_head = new;
        2:   13:	} else if(cmp_fn((*a_head) -> a_value, a_value) > 0) {
        -:   14:		//printf("pass");
        -:   15:		//printf("inside: %d\n", *(int*)((*a_head) -> a_value));
    #####:   16:		new -> next = *a_head;
    #####:   17:		*a_head = new;
        -:   18:	} else {
        2:   19:		Node* traverse = *a_head; 
        2:   20:		int flag = 1;
        4:   21:		while(flag){
        2:   22:			if(traverse -> next == NULL){
        1:   23:				flag = 0;
        1:   24:			 	traverse -> next = new;
        -:   25:				//printf("inside: %d\n", *(int*)(traverse -> a_value));
        1:   26:			} else if(cmp_fn(traverse -> next -> a_value, a_value) > 0){
        1:   27:					new -> next = traverse -> next;
        1:   28:					traverse -> next = new;
        1:   29:					flag = 0;
        -:   30:			} else { 
    #####:   31:				traverse = traverse -> next;
        -:   32:			}
        -:   33:		}
        -:   34:	}
        3:   35:	return new;
        -:   36:}
        -:   37:
    #####:   38:Node* pq_dequeue(Node** a_head) {
    #####:   39:	Node* temp = *a_head;
    #####:   40:	if(*a_head != NULL){
    #####:   41:		*a_head = (*a_head) -> next;
        -:   42:		//printf("dequeue: %d\n", *(int*)((*a_head) -> a_value));
    #####:   43:		temp -> next = NULL;
        -:   44:	}
        -:   45:	//printf("inside deq: %d\n", *(int*)((temp) -> a_value));
    #####:   46:	return temp;
        -:   47:}
        -:   48:
        -:   49:
    #####:   50:Node* stack_push(Node** a_head, void* a_value) {
    #####:   51:	Node *new = malloc(sizeof(Node));
    #####:   52:	*new = (Node) {.a_value = a_value, .next = *a_head}; 
    #####:   53:	*a_head = new;
    #####:   54:	return new;
        -:   55:}
        -:   56:
    #####:   57:Node* stack_pop(Node** a_head) {
    #####:   58:	return pq_dequeue(a_head);
        -:   59:}
        -:   60:
        1:   61:void destroy_list(Node** a_head, void (*destroy_value_fn)(void*)) {
        1:   62:	Node* temp = *a_head;
        -:   63:	Node* next;
        4:   64:	while(temp != NULL){
        3:   65:		next = temp -> next;
        3:   66:		destroy_value_fn(temp -> a_value);
        3:   67:		free(temp);
        3:   68:		temp = next;
        -:   69:	}
        1:   70:	*a_head = NULL;
        1:   71:}
        -:   72:#define HUFFMAN_C_V1
